2023-02-05 00:00:53,461 - mmcls - INFO - Environment info:
------------------------------------------------------------
sys.platform: linux
Python: 3.8.16 (default, Jan 17 2023, 23:13:24) [GCC 11.2.0]
CUDA available: True
GPU 0: NVIDIA GeForce GTX 1070 Ti
CUDA_HOME: /usr/local/cuda
NVCC: Cuda compilation tools, release 11.3, V11.3.58
GCC: gcc (Ubuntu 9.4.0-1ubuntu1~20.04.1) 9.4.0
PyTorch: 1.11.0+cu113
PyTorch compiling details: PyTorch built with:
  - GCC 7.3
  - C++ Version: 201402
  - Intel(R) Math Kernel Library Version 2020.0.0 Product Build 20191122 for Intel(R) 64 architecture applications
  - Intel(R) MKL-DNN v2.5.2 (Git Hash a9302535553c73243c632ad3c4c80beec3d19a1e)
  - OpenMP 201511 (a.k.a. OpenMP 4.5)
  - LAPACK is enabled (usually provided by MKL)
  - NNPACK is enabled
  - CPU capability usage: AVX2
  - CUDA Runtime 11.3
  - NVCC architecture flags: -gencode;arch=compute_37,code=sm_37;-gencode;arch=compute_50,code=sm_50;-gencode;arch=compute_60,code=sm_60;-gencode;arch=compute_70,code=sm_70;-gencode;arch=compute_75,code=sm_75;-gencode;arch=compute_80,code=sm_80;-gencode;arch=compute_86,code=sm_86
  - CuDNN 8.2
  - Magma 2.5.2
  - Build settings: BLAS_INFO=mkl, BUILD_TYPE=Release, CUDA_VERSION=11.3, CUDNN_VERSION=8.2.0, CXX_COMPILER=/opt/rh/devtoolset-7/root/usr/bin/c++, CXX_FLAGS= -Wno-deprecated -fvisibility-inlines-hidden -DUSE_PTHREADPOOL -fopenmp -DNDEBUG -DUSE_KINETO -DUSE_FBGEMM -DUSE_QNNPACK -DUSE_PYTORCH_QNNPACK -DUSE_XNNPACK -DSYMBOLICATE_MOBILE_DEBUG_HANDLE -DEDGE_PROFILER_USE_KINETO -O2 -fPIC -Wno-narrowing -Wall -Wextra -Werror=return-type -Wno-missing-field-initializers -Wno-type-limits -Wno-array-bounds -Wno-unknown-pragmas -Wno-sign-compare -Wno-unused-parameter -Wno-unused-function -Wno-unused-result -Wno-unused-local-typedefs -Wno-strict-overflow -Wno-strict-aliasing -Wno-error=deprecated-declarations -Wno-stringop-overflow -Wno-psabi -Wno-error=pedantic -Wno-error=redundant-decls -Wno-error=old-style-cast -fdiagnostics-color=always -faligned-new -Wno-unused-but-set-variable -Wno-maybe-uninitialized -fno-math-errno -fno-trapping-math -Werror=format -Wno-stringop-overflow, LAPACK_INFO=mkl, PERF_WITH_AVX=1, PERF_WITH_AVX2=1, PERF_WITH_AVX512=1, TORCH_VERSION=1.11.0, USE_CUDA=ON, USE_CUDNN=ON, USE_EXCEPTION_PTR=1, USE_GFLAGS=OFF, USE_GLOG=OFF, USE_MKL=ON, USE_MKLDNN=OFF, USE_MPI=OFF, USE_NCCL=ON, USE_NNPACK=ON, USE_OPENMP=ON, USE_ROCM=OFF, 

TorchVision: 0.12.0+cu113
OpenCV: 4.7.0
MMCV: 1.7.1
MMCV Compiler: GCC 9.3
MMCV CUDA Compiler: 11.3
MMClassification: 0.25.0+
------------------------------------------------------------

2023-02-05 00:00:53,462 - mmcls - INFO - Distributed training: False
2023-02-05 00:00:53,613 - mmcls - INFO - Config:
model = dict(
    type='ImageClassifier',
    backbone=dict(
        type='ResNet',
        depth=18,
        num_stages=4,
        out_indices=(3, ),
        style='pytorch'),
    neck=dict(type='GlobalAveragePooling'),
    head=dict(
        type='LinearClsHead',
        num_classes=5,
        in_channels=512,
        loss=dict(type='CrossEntropyLoss', loss_weight=1.0),
        topk=(1, )))
dataset_type = 'ImageNet'
img_norm_cfg = dict(
    mean=[123.675, 116.28, 103.53], std=[58.395, 57.12, 57.375], to_rgb=True)
train_pipeline = [
    dict(type='LoadImageFromFile'),
    dict(type='RandomResizedCrop', size=224),
    dict(type='RandomFlip', flip_prob=0.5, direction='horizontal'),
    dict(
        type='Normalize',
        mean=[123.675, 116.28, 103.53],
        std=[58.395, 57.12, 57.375],
        to_rgb=True),
    dict(type='ImageToTensor', keys=['img']),
    dict(type='ToTensor', keys=['gt_label']),
    dict(type='Collect', keys=['img', 'gt_label'])
]
test_pipeline = [
    dict(type='LoadImageFromFile'),
    dict(type='Resize', size=(256, -1)),
    dict(type='CenterCrop', crop_size=224),
    dict(
        type='Normalize',
        mean=[123.675, 116.28, 103.53],
        std=[58.395, 57.12, 57.375],
        to_rgb=True),
    dict(type='ImageToTensor', keys=['img']),
    dict(type='Collect', keys=['img'])
]
data = dict(
    samples_per_gpu=32,
    workers_per_gpu=2,
    train=dict(
        type='ImageNet',
        data_prefix='data/flower/train',
        pipeline=[
            dict(type='LoadImageFromFile'),
            dict(type='RandomResizedCrop', size=224),
            dict(type='RandomFlip', flip_prob=0.5, direction='horizontal'),
            dict(
                type='Normalize',
                mean=[123.675, 116.28, 103.53],
                std=[58.395, 57.12, 57.375],
                to_rgb=True),
            dict(type='ImageToTensor', keys=['img']),
            dict(type='ToTensor', keys=['gt_label']),
            dict(type='Collect', keys=['img', 'gt_label'])
        ],
        ann_file='data/flower/train.txt',
        classes='data/flower/classes.txt'),
    val=dict(
        type='ImageNet',
        data_prefix='data/flower/val',
        ann_file='data/flower/val.txt',
        pipeline=[
            dict(type='LoadImageFromFile'),
            dict(type='Resize', size=(256, -1)),
            dict(type='CenterCrop', crop_size=224),
            dict(
                type='Normalize',
                mean=[123.675, 116.28, 103.53],
                std=[58.395, 57.12, 57.375],
                to_rgb=True),
            dict(type='ImageToTensor', keys=['img']),
            dict(type='Collect', keys=['img'])
        ],
        classes='data/flower/classes.txt'),
    test=dict(
        type='ImageNet',
        data_prefix='data/imagenet/val',
        ann_file='data/imagenet/meta/val.txt',
        pipeline=[
            dict(type='LoadImageFromFile'),
            dict(type='Resize', size=(256, -1)),
            dict(type='CenterCrop', crop_size=224),
            dict(
                type='Normalize',
                mean=[123.675, 116.28, 103.53],
                std=[58.395, 57.12, 57.375],
                to_rgb=True),
            dict(type='ImageToTensor', keys=['img']),
            dict(type='Collect', keys=['img'])
        ]))
evaluation = dict(interval=1, metric='accuracy')
checkpoint_config = dict(interval=1)
log_config = dict(interval=100, hooks=[dict(type='TextLoggerHook')])
dist_params = dict(backend='nccl')
log_level = 'INFO'
load_from = '/mnt/cxq/Linux_1T/Projects/mmlab/mmclassification/checkpoints/resnet18_batch256_imagenet_20200708-34ab8f90.pth'
resume_from = None
workflow = [('train', 1)]
optimizer = dict(type='SGD', lr=0.001, momentum=0.9, weight_decay=0.0001)
optimizer_config = dict(grad_clip=None)
lr_config = dict(policy='step', step=[1])
runner = dict(type='EpochBasedRunner', max_epochs=100)
work_dir = 'flower'
gpu_ids = [0]

2023-02-05 00:00:53,613 - mmcls - INFO - Set random seed to 1269095920, deterministic: False
2023-02-05 00:00:55,712 - mmcls - INFO - load checkpoint from local path: /mnt/cxq/Linux_1T/Projects/mmlab/mmclassification/checkpoints/resnet18_batch256_imagenet_20200708-34ab8f90.pth
2023-02-05 00:00:57,162 - mmcls - WARNING - The model and loaded state dict do not match exactly

size mismatch for head.fc.weight: copying a param with shape torch.Size([1000, 512]) from checkpoint, the shape in current model is torch.Size([5, 512]).
size mismatch for head.fc.bias: copying a param with shape torch.Size([1000]) from checkpoint, the shape in current model is torch.Size([5]).
2023-02-05 00:00:57,162 - mmcls - INFO - Start running, host: cxq@cxq-ubuntu20, work_dir: /mnt/cxq/Linux_1T/Projects/mmlab/mmclassification/flower
2023-02-05 00:00:57,162 - mmcls - INFO - Hooks will be executed in the following order:
before_run:
(VERY_HIGH   ) StepLrUpdaterHook                  
(NORMAL      ) CheckpointHook                     
(LOW         ) EvalHook                           
(VERY_LOW    ) TextLoggerHook                     
 -------------------- 
before_train_epoch:
(VERY_HIGH   ) StepLrUpdaterHook                  
(LOW         ) IterTimerHook                      
(LOW         ) EvalHook                           
(VERY_LOW    ) TextLoggerHook                     
 -------------------- 
before_train_iter:
(VERY_HIGH   ) StepLrUpdaterHook                  
(LOW         ) IterTimerHook                      
(LOW         ) EvalHook                           
 -------------------- 
after_train_iter:
(ABOVE_NORMAL) OptimizerHook                      
(NORMAL      ) CheckpointHook                     
(LOW         ) IterTimerHook                      
(LOW         ) EvalHook                           
(VERY_LOW    ) TextLoggerHook                     
 -------------------- 
after_train_epoch:
(NORMAL      ) CheckpointHook                     
(LOW         ) EvalHook                           
(VERY_LOW    ) TextLoggerHook                     
 -------------------- 
before_val_epoch:
(LOW         ) IterTimerHook                      
(VERY_LOW    ) TextLoggerHook                     
 -------------------- 
before_val_iter:
(LOW         ) IterTimerHook                      
 -------------------- 
after_val_iter:
(LOW         ) IterTimerHook                      
 -------------------- 
after_val_epoch:
(VERY_LOW    ) TextLoggerHook                     
 -------------------- 
after_run:
(VERY_LOW    ) TextLoggerHook                     
 -------------------- 
2023-02-05 00:00:57,162 - mmcls - INFO - workflow: [('train', 1)], max: 100 epochs
2023-02-05 00:00:57,162 - mmcls - INFO - Checkpoints will be saved to /mnt/cxq/Linux_1T/Projects/mmlab/mmclassification/flower by HardDiskBackend.
2023-02-05 00:01:05,415 - mmcls - INFO - Saving checkpoint at 1 epochs
2023-02-05 00:01:06,445 - mmcls - INFO - Epoch(val) [1][18]	accuracy_top-1: 91.9580, accuracy_top-5: 100.0000
2023-02-05 00:01:14,546 - mmcls - INFO - Saving checkpoint at 2 epochs
2023-02-05 00:01:15,514 - mmcls - INFO - Epoch(val) [2][18]	accuracy_top-1: 93.1818, accuracy_top-5: 100.0000
2023-02-05 00:01:23,577 - mmcls - INFO - Saving checkpoint at 3 epochs
2023-02-05 00:01:24,576 - mmcls - INFO - Epoch(val) [3][18]	accuracy_top-1: 93.3566, accuracy_top-5: 100.0000
2023-02-05 00:01:32,642 - mmcls - INFO - Saving checkpoint at 4 epochs
2023-02-05 00:01:33,637 - mmcls - INFO - Epoch(val) [4][18]	accuracy_top-1: 93.5315, accuracy_top-5: 100.0000
2023-02-05 00:01:41,688 - mmcls - INFO - Saving checkpoint at 5 epochs
2023-02-05 00:01:42,641 - mmcls - INFO - Epoch(val) [5][18]	accuracy_top-1: 93.8811, accuracy_top-5: 100.0000
2023-02-05 00:01:50,671 - mmcls - INFO - Saving checkpoint at 6 epochs
2023-02-05 00:01:51,931 - mmcls - INFO - Epoch(val) [6][18]	accuracy_top-1: 94.0559, accuracy_top-5: 100.0000
2023-02-05 00:02:00,027 - mmcls - INFO - Saving checkpoint at 7 epochs
2023-02-05 00:02:00,999 - mmcls - INFO - Epoch(val) [7][18]	accuracy_top-1: 93.8811, accuracy_top-5: 100.0000
2023-02-05 00:02:09,060 - mmcls - INFO - Saving checkpoint at 8 epochs
2023-02-05 00:02:10,027 - mmcls - INFO - Epoch(val) [8][18]	accuracy_top-1: 94.2308, accuracy_top-5: 100.0000
2023-02-05 00:02:18,088 - mmcls - INFO - Saving checkpoint at 9 epochs
2023-02-05 00:02:19,037 - mmcls - INFO - Epoch(val) [9][18]	accuracy_top-1: 93.7063, accuracy_top-5: 100.0000
2023-02-05 00:02:27,084 - mmcls - INFO - Saving checkpoint at 10 epochs
2023-02-05 00:02:28,029 - mmcls - INFO - Epoch(val) [10][18]	accuracy_top-1: 94.4056, accuracy_top-5: 100.0000
2023-02-05 00:02:36,112 - mmcls - INFO - Saving checkpoint at 11 epochs
2023-02-05 00:02:37,118 - mmcls - INFO - Epoch(val) [11][18]	accuracy_top-1: 94.4056, accuracy_top-5: 100.0000
2023-02-05 00:02:45,199 - mmcls - INFO - Saving checkpoint at 12 epochs
2023-02-05 00:02:46,164 - mmcls - INFO - Epoch(val) [12][18]	accuracy_top-1: 94.5804, accuracy_top-5: 100.0000
2023-02-05 00:02:54,243 - mmcls - INFO - Saving checkpoint at 13 epochs
2023-02-05 00:02:55,214 - mmcls - INFO - Epoch(val) [13][18]	accuracy_top-1: 94.4056, accuracy_top-5: 100.0000
2023-02-05 00:03:03,320 - mmcls - INFO - Saving checkpoint at 14 epochs
2023-02-05 00:03:04,238 - mmcls - INFO - Epoch(val) [14][18]	accuracy_top-1: 94.9301, accuracy_top-5: 100.0000
2023-02-05 00:03:12,317 - mmcls - INFO - Saving checkpoint at 15 epochs
2023-02-05 00:03:13,256 - mmcls - INFO - Epoch(val) [15][18]	accuracy_top-1: 94.5804, accuracy_top-5: 100.0000
2023-02-05 00:03:21,352 - mmcls - INFO - Saving checkpoint at 16 epochs
2023-02-05 00:03:22,294 - mmcls - INFO - Epoch(val) [16][18]	accuracy_top-1: 94.9301, accuracy_top-5: 100.0000
2023-02-05 00:03:30,401 - mmcls - INFO - Saving checkpoint at 17 epochs
2023-02-05 00:03:31,377 - mmcls - INFO - Epoch(val) [17][18]	accuracy_top-1: 94.9301, accuracy_top-5: 100.0000
2023-02-05 00:03:39,465 - mmcls - INFO - Saving checkpoint at 18 epochs
2023-02-05 00:03:40,427 - mmcls - INFO - Epoch(val) [18][18]	accuracy_top-1: 94.9301, accuracy_top-5: 100.0000
2023-02-05 00:03:48,516 - mmcls - INFO - Saving checkpoint at 19 epochs
2023-02-05 00:03:49,441 - mmcls - INFO - Epoch(val) [19][18]	accuracy_top-1: 95.2797, accuracy_top-5: 100.0000
2023-02-05 00:03:57,515 - mmcls - INFO - Saving checkpoint at 20 epochs
2023-02-05 00:03:58,431 - mmcls - INFO - Epoch(val) [20][18]	accuracy_top-1: 94.9301, accuracy_top-5: 100.0000
2023-02-05 00:04:06,527 - mmcls - INFO - Saving checkpoint at 21 epochs
2023-02-05 00:04:07,506 - mmcls - INFO - Epoch(val) [21][18]	accuracy_top-1: 94.7552, accuracy_top-5: 100.0000
2023-02-05 00:04:15,577 - mmcls - INFO - Saving checkpoint at 22 epochs
2023-02-05 00:04:16,519 - mmcls - INFO - Epoch(val) [22][18]	accuracy_top-1: 94.5804, accuracy_top-5: 100.0000
2023-02-05 00:04:24,581 - mmcls - INFO - Saving checkpoint at 23 epochs
2023-02-05 00:04:25,526 - mmcls - INFO - Epoch(val) [23][18]	accuracy_top-1: 94.7552, accuracy_top-5: 100.0000
2023-02-05 00:04:33,604 - mmcls - INFO - Saving checkpoint at 24 epochs
2023-02-05 00:04:34,576 - mmcls - INFO - Epoch(val) [24][18]	accuracy_top-1: 94.5804, accuracy_top-5: 100.0000
2023-02-05 00:04:42,687 - mmcls - INFO - Saving checkpoint at 25 epochs
2023-02-05 00:04:43,625 - mmcls - INFO - Epoch(val) [25][18]	accuracy_top-1: 94.9301, accuracy_top-5: 100.0000
2023-02-05 00:04:51,691 - mmcls - INFO - Saving checkpoint at 26 epochs
2023-02-05 00:04:52,654 - mmcls - INFO - Epoch(val) [26][18]	accuracy_top-1: 95.4545, accuracy_top-5: 100.0000
2023-02-05 00:05:00,754 - mmcls - INFO - Saving checkpoint at 27 epochs
2023-02-05 00:05:01,759 - mmcls - INFO - Epoch(val) [27][18]	accuracy_top-1: 95.8042, accuracy_top-5: 100.0000
2023-02-05 00:05:09,862 - mmcls - INFO - Saving checkpoint at 28 epochs
2023-02-05 00:05:10,845 - mmcls - INFO - Epoch(val) [28][18]	accuracy_top-1: 95.4545, accuracy_top-5: 100.0000
2023-02-05 00:05:18,925 - mmcls - INFO - Saving checkpoint at 29 epochs
2023-02-05 00:05:19,870 - mmcls - INFO - Epoch(val) [29][18]	accuracy_top-1: 94.9301, accuracy_top-5: 100.0000
2023-02-05 00:05:28,004 - mmcls - INFO - Saving checkpoint at 30 epochs
2023-02-05 00:05:28,941 - mmcls - INFO - Epoch(val) [30][18]	accuracy_top-1: 95.1049, accuracy_top-5: 100.0000
2023-02-05 00:05:37,039 - mmcls - INFO - Saving checkpoint at 31 epochs
2023-02-05 00:05:38,019 - mmcls - INFO - Epoch(val) [31][18]	accuracy_top-1: 94.9301, accuracy_top-5: 100.0000
2023-02-05 00:05:46,149 - mmcls - INFO - Saving checkpoint at 32 epochs
2023-02-05 00:05:47,078 - mmcls - INFO - Epoch(val) [32][18]	accuracy_top-1: 95.4545, accuracy_top-5: 100.0000
2023-02-05 00:05:55,208 - mmcls - INFO - Saving checkpoint at 33 epochs
2023-02-05 00:05:56,160 - mmcls - INFO - Epoch(val) [33][18]	accuracy_top-1: 95.8042, accuracy_top-5: 100.0000
2023-02-05 00:06:04,292 - mmcls - INFO - Saving checkpoint at 34 epochs
2023-02-05 00:06:05,217 - mmcls - INFO - Epoch(val) [34][18]	accuracy_top-1: 95.8042, accuracy_top-5: 100.0000
2023-02-05 00:06:13,317 - mmcls - INFO - Saving checkpoint at 35 epochs
2023-02-05 00:06:14,243 - mmcls - INFO - Epoch(val) [35][18]	accuracy_top-1: 94.5804, accuracy_top-5: 100.0000
2023-02-05 00:06:22,385 - mmcls - INFO - Saving checkpoint at 36 epochs
2023-02-05 00:06:23,320 - mmcls - INFO - Epoch(val) [36][18]	accuracy_top-1: 95.1049, accuracy_top-5: 100.0000
2023-02-05 00:06:31,426 - mmcls - INFO - Saving checkpoint at 37 epochs
2023-02-05 00:06:32,406 - mmcls - INFO - Epoch(val) [37][18]	accuracy_top-1: 95.1049, accuracy_top-5: 100.0000
2023-02-05 00:06:40,535 - mmcls - INFO - Saving checkpoint at 38 epochs
2023-02-05 00:06:41,500 - mmcls - INFO - Epoch(val) [38][18]	accuracy_top-1: 95.9790, accuracy_top-5: 100.0000
2023-02-05 00:06:49,627 - mmcls - INFO - Saving checkpoint at 39 epochs
2023-02-05 00:06:50,605 - mmcls - INFO - Epoch(val) [39][18]	accuracy_top-1: 96.1538, accuracy_top-5: 100.0000
2023-02-05 00:06:58,737 - mmcls - INFO - Saving checkpoint at 40 epochs
2023-02-05 00:06:59,687 - mmcls - INFO - Epoch(val) [40][18]	accuracy_top-1: 95.8042, accuracy_top-5: 100.0000
2023-02-05 00:07:07,806 - mmcls - INFO - Saving checkpoint at 41 epochs
2023-02-05 00:07:08,791 - mmcls - INFO - Epoch(val) [41][18]	accuracy_top-1: 95.6294, accuracy_top-5: 100.0000
2023-02-05 00:07:16,925 - mmcls - INFO - Saving checkpoint at 42 epochs
2023-02-05 00:07:17,876 - mmcls - INFO - Epoch(val) [42][18]	accuracy_top-1: 95.2797, accuracy_top-5: 100.0000
2023-02-05 00:07:26,022 - mmcls - INFO - Saving checkpoint at 43 epochs
2023-02-05 00:07:26,961 - mmcls - INFO - Epoch(val) [43][18]	accuracy_top-1: 96.1538, accuracy_top-5: 100.0000
2023-02-05 00:07:35,103 - mmcls - INFO - Saving checkpoint at 44 epochs
2023-02-05 00:07:36,052 - mmcls - INFO - Epoch(val) [44][18]	accuracy_top-1: 95.4545, accuracy_top-5: 100.0000
2023-02-05 00:07:44,178 - mmcls - INFO - Saving checkpoint at 45 epochs
2023-02-05 00:07:45,146 - mmcls - INFO - Epoch(val) [45][18]	accuracy_top-1: 94.9301, accuracy_top-5: 100.0000
2023-02-05 00:07:53,300 - mmcls - INFO - Saving checkpoint at 46 epochs
2023-02-05 00:07:54,242 - mmcls - INFO - Epoch(val) [46][18]	accuracy_top-1: 95.4545, accuracy_top-5: 100.0000
2023-02-05 00:08:02,416 - mmcls - INFO - Saving checkpoint at 47 epochs
2023-02-05 00:08:03,386 - mmcls - INFO - Epoch(val) [47][18]	accuracy_top-1: 95.4545, accuracy_top-5: 100.0000
2023-02-05 00:08:11,545 - mmcls - INFO - Saving checkpoint at 48 epochs
2023-02-05 00:08:12,475 - mmcls - INFO - Epoch(val) [48][18]	accuracy_top-1: 95.9790, accuracy_top-5: 100.0000
2023-02-05 00:08:20,616 - mmcls - INFO - Saving checkpoint at 49 epochs
2023-02-05 00:08:21,585 - mmcls - INFO - Epoch(val) [49][18]	accuracy_top-1: 95.1049, accuracy_top-5: 100.0000
2023-02-05 00:08:29,737 - mmcls - INFO - Saving checkpoint at 50 epochs
2023-02-05 00:08:30,681 - mmcls - INFO - Epoch(val) [50][18]	accuracy_top-1: 95.2797, accuracy_top-5: 100.0000
2023-02-05 00:08:38,821 - mmcls - INFO - Saving checkpoint at 51 epochs
2023-02-05 00:08:39,760 - mmcls - INFO - Epoch(val) [51][18]	accuracy_top-1: 95.4545, accuracy_top-5: 100.0000
2023-02-05 00:08:47,924 - mmcls - INFO - Saving checkpoint at 52 epochs
2023-02-05 00:08:48,875 - mmcls - INFO - Epoch(val) [52][18]	accuracy_top-1: 95.4545, accuracy_top-5: 100.0000
2023-02-05 00:08:57,067 - mmcls - INFO - Saving checkpoint at 53 epochs
2023-02-05 00:08:58,045 - mmcls - INFO - Epoch(val) [53][18]	accuracy_top-1: 95.6294, accuracy_top-5: 100.0000
2023-02-05 00:09:06,210 - mmcls - INFO - Saving checkpoint at 54 epochs
2023-02-05 00:09:07,136 - mmcls - INFO - Epoch(val) [54][18]	accuracy_top-1: 95.6294, accuracy_top-5: 100.0000
2023-02-05 00:09:15,313 - mmcls - INFO - Saving checkpoint at 55 epochs
2023-02-05 00:09:16,247 - mmcls - INFO - Epoch(val) [55][18]	accuracy_top-1: 96.1538, accuracy_top-5: 100.0000
2023-02-05 00:09:24,454 - mmcls - INFO - Saving checkpoint at 56 epochs
2023-02-05 00:09:25,406 - mmcls - INFO - Epoch(val) [56][18]	accuracy_top-1: 95.4545, accuracy_top-5: 100.0000
2023-02-05 00:09:33,586 - mmcls - INFO - Saving checkpoint at 57 epochs
2023-02-05 00:09:34,558 - mmcls - INFO - Epoch(val) [57][18]	accuracy_top-1: 95.6294, accuracy_top-5: 100.0000
2023-02-05 00:09:42,735 - mmcls - INFO - Saving checkpoint at 58 epochs
2023-02-05 00:09:43,704 - mmcls - INFO - Epoch(val) [58][18]	accuracy_top-1: 95.4545, accuracy_top-5: 100.0000
2023-02-05 00:09:51,924 - mmcls - INFO - Saving checkpoint at 59 epochs
2023-02-05 00:09:52,929 - mmcls - INFO - Epoch(val) [59][18]	accuracy_top-1: 95.9790, accuracy_top-5: 100.0000
2023-02-05 00:10:01,187 - mmcls - INFO - Saving checkpoint at 60 epochs
2023-02-05 00:10:02,152 - mmcls - INFO - Epoch(val) [60][18]	accuracy_top-1: 95.8042, accuracy_top-5: 100.0000
2023-02-05 00:10:10,387 - mmcls - INFO - Saving checkpoint at 61 epochs
2023-02-05 00:10:11,391 - mmcls - INFO - Epoch(val) [61][18]	accuracy_top-1: 96.1538, accuracy_top-5: 100.0000
2023-02-05 00:10:19,639 - mmcls - INFO - Saving checkpoint at 62 epochs
2023-02-05 00:10:20,613 - mmcls - INFO - Epoch(val) [62][18]	accuracy_top-1: 96.1538, accuracy_top-5: 100.0000
2023-02-05 00:10:28,954 - mmcls - INFO - Saving checkpoint at 63 epochs
2023-02-05 00:10:29,984 - mmcls - INFO - Epoch(val) [63][18]	accuracy_top-1: 95.8042, accuracy_top-5: 100.0000
2023-02-05 00:10:38,306 - mmcls - INFO - Saving checkpoint at 64 epochs
2023-02-05 00:10:39,251 - mmcls - INFO - Epoch(val) [64][18]	accuracy_top-1: 95.4545, accuracy_top-5: 100.0000
2023-02-05 00:10:47,599 - mmcls - INFO - Saving checkpoint at 65 epochs
2023-02-05 00:10:48,569 - mmcls - INFO - Epoch(val) [65][18]	accuracy_top-1: 95.9790, accuracy_top-5: 100.0000
2023-02-05 00:10:56,890 - mmcls - INFO - Saving checkpoint at 66 epochs
2023-02-05 00:10:57,869 - mmcls - INFO - Epoch(val) [66][18]	accuracy_top-1: 95.9790, accuracy_top-5: 100.0000
2023-02-05 00:11:06,219 - mmcls - INFO - Saving checkpoint at 67 epochs
2023-02-05 00:11:07,169 - mmcls - INFO - Epoch(val) [67][18]	accuracy_top-1: 96.1538, accuracy_top-5: 100.0000
2023-02-05 00:11:15,516 - mmcls - INFO - Saving checkpoint at 68 epochs
2023-02-05 00:11:16,460 - mmcls - INFO - Epoch(val) [68][18]	accuracy_top-1: 95.8042, accuracy_top-5: 100.0000
2023-02-05 00:11:24,827 - mmcls - INFO - Saving checkpoint at 69 epochs
2023-02-05 00:11:25,797 - mmcls - INFO - Epoch(val) [69][18]	accuracy_top-1: 96.1538, accuracy_top-5: 100.0000
2023-02-05 00:11:34,217 - mmcls - INFO - Saving checkpoint at 70 epochs
2023-02-05 00:11:35,265 - mmcls - INFO - Epoch(val) [70][18]	accuracy_top-1: 95.8042, accuracy_top-5: 100.0000
2023-02-05 00:11:43,592 - mmcls - INFO - Saving checkpoint at 71 epochs
2023-02-05 00:11:44,555 - mmcls - INFO - Epoch(val) [71][18]	accuracy_top-1: 96.1538, accuracy_top-5: 100.0000
2023-02-05 00:11:52,873 - mmcls - INFO - Saving checkpoint at 72 epochs
2023-02-05 00:11:53,858 - mmcls - INFO - Epoch(val) [72][18]	accuracy_top-1: 95.9790, accuracy_top-5: 100.0000
2023-02-05 00:12:02,169 - mmcls - INFO - Saving checkpoint at 73 epochs
2023-02-05 00:12:03,162 - mmcls - INFO - Epoch(val) [73][18]	accuracy_top-1: 95.9790, accuracy_top-5: 100.0000
2023-02-05 00:12:11,390 - mmcls - INFO - Saving checkpoint at 74 epochs
2023-02-05 00:12:12,331 - mmcls - INFO - Epoch(val) [74][18]	accuracy_top-1: 95.8042, accuracy_top-5: 100.0000
2023-02-05 00:12:20,592 - mmcls - INFO - Saving checkpoint at 75 epochs
2023-02-05 00:12:21,527 - mmcls - INFO - Epoch(val) [75][18]	accuracy_top-1: 96.3287, accuracy_top-5: 100.0000
2023-02-05 00:12:29,726 - mmcls - INFO - Saving checkpoint at 76 epochs
2023-02-05 00:12:30,665 - mmcls - INFO - Epoch(val) [76][18]	accuracy_top-1: 95.6294, accuracy_top-5: 100.0000
2023-02-05 00:12:38,874 - mmcls - INFO - Saving checkpoint at 77 epochs
2023-02-05 00:12:39,814 - mmcls - INFO - Epoch(val) [77][18]	accuracy_top-1: 95.9790, accuracy_top-5: 100.0000
2023-02-05 00:12:48,045 - mmcls - INFO - Saving checkpoint at 78 epochs
2023-02-05 00:12:49,018 - mmcls - INFO - Epoch(val) [78][18]	accuracy_top-1: 96.1538, accuracy_top-5: 100.0000
2023-02-05 00:12:57,365 - mmcls - INFO - Saving checkpoint at 79 epochs
2023-02-05 00:12:58,394 - mmcls - INFO - Epoch(val) [79][18]	accuracy_top-1: 96.5035, accuracy_top-5: 100.0000
2023-02-05 00:13:06,665 - mmcls - INFO - Saving checkpoint at 80 epochs
2023-02-05 00:13:07,624 - mmcls - INFO - Epoch(val) [80][18]	accuracy_top-1: 96.1538, accuracy_top-5: 100.0000
2023-02-05 00:13:15,964 - mmcls - INFO - Saving checkpoint at 81 epochs
2023-02-05 00:13:16,945 - mmcls - INFO - Epoch(val) [81][18]	accuracy_top-1: 95.9790, accuracy_top-5: 100.0000
2023-02-05 00:13:25,518 - mmcls - INFO - Saving checkpoint at 82 epochs
2023-02-05 00:13:26,483 - mmcls - INFO - Epoch(val) [82][18]	accuracy_top-1: 96.3287, accuracy_top-5: 100.0000
2023-02-05 00:13:34,740 - mmcls - INFO - Saving checkpoint at 83 epochs
2023-02-05 00:13:35,700 - mmcls - INFO - Epoch(val) [83][18]	accuracy_top-1: 96.1538, accuracy_top-5: 100.0000
2023-02-05 00:13:43,908 - mmcls - INFO - Saving checkpoint at 84 epochs
2023-02-05 00:13:44,850 - mmcls - INFO - Epoch(val) [84][18]	accuracy_top-1: 96.5035, accuracy_top-5: 100.0000
2023-02-05 00:13:53,122 - mmcls - INFO - Saving checkpoint at 85 epochs
2023-02-05 00:13:54,052 - mmcls - INFO - Epoch(val) [85][18]	accuracy_top-1: 96.5035, accuracy_top-5: 100.0000
2023-02-05 00:14:02,282 - mmcls - INFO - Saving checkpoint at 86 epochs
2023-02-05 00:14:03,271 - mmcls - INFO - Epoch(val) [86][18]	accuracy_top-1: 95.8042, accuracy_top-5: 100.0000
2023-02-05 00:14:11,586 - mmcls - INFO - Saving checkpoint at 87 epochs
2023-02-05 00:14:12,570 - mmcls - INFO - Epoch(val) [87][18]	accuracy_top-1: 95.4545, accuracy_top-5: 100.0000
2023-02-05 00:14:20,785 - mmcls - INFO - Saving checkpoint at 88 epochs
2023-02-05 00:14:21,788 - mmcls - INFO - Epoch(val) [88][18]	accuracy_top-1: 95.9790, accuracy_top-5: 100.0000
2023-02-05 00:14:30,038 - mmcls - INFO - Saving checkpoint at 89 epochs
2023-02-05 00:14:30,977 - mmcls - INFO - Epoch(val) [89][18]	accuracy_top-1: 95.9790, accuracy_top-5: 100.0000
2023-02-05 00:14:39,216 - mmcls - INFO - Saving checkpoint at 90 epochs
2023-02-05 00:14:40,160 - mmcls - INFO - Epoch(val) [90][18]	accuracy_top-1: 95.8042, accuracy_top-5: 100.0000
2023-02-05 00:14:48,393 - mmcls - INFO - Saving checkpoint at 91 epochs
2023-02-05 00:14:49,337 - mmcls - INFO - Epoch(val) [91][18]	accuracy_top-1: 95.9790, accuracy_top-5: 100.0000
2023-02-05 00:14:57,555 - mmcls - INFO - Saving checkpoint at 92 epochs
2023-02-05 00:14:58,492 - mmcls - INFO - Epoch(val) [92][18]	accuracy_top-1: 95.9790, accuracy_top-5: 100.0000
2023-02-05 00:15:06,715 - mmcls - INFO - Saving checkpoint at 93 epochs
2023-02-05 00:15:07,651 - mmcls - INFO - Epoch(val) [93][18]	accuracy_top-1: 95.9790, accuracy_top-5: 100.0000
2023-02-05 00:15:15,872 - mmcls - INFO - Saving checkpoint at 94 epochs
2023-02-05 00:15:16,871 - mmcls - INFO - Epoch(val) [94][18]	accuracy_top-1: 95.9790, accuracy_top-5: 100.0000
2023-02-05 00:15:25,082 - mmcls - INFO - Saving checkpoint at 95 epochs
2023-02-05 00:15:26,027 - mmcls - INFO - Epoch(val) [95][18]	accuracy_top-1: 96.3287, accuracy_top-5: 100.0000
2023-02-05 00:15:34,276 - mmcls - INFO - Saving checkpoint at 96 epochs
2023-02-05 00:15:35,246 - mmcls - INFO - Epoch(val) [96][18]	accuracy_top-1: 96.1538, accuracy_top-5: 100.0000
2023-02-05 00:15:43,442 - mmcls - INFO - Saving checkpoint at 97 epochs
2023-02-05 00:15:44,398 - mmcls - INFO - Epoch(val) [97][18]	accuracy_top-1: 96.3287, accuracy_top-5: 100.0000
2023-02-05 00:15:52,621 - mmcls - INFO - Saving checkpoint at 98 epochs
2023-02-05 00:15:53,572 - mmcls - INFO - Epoch(val) [98][18]	accuracy_top-1: 96.5035, accuracy_top-5: 100.0000
2023-02-05 00:16:01,822 - mmcls - INFO - Saving checkpoint at 99 epochs
2023-02-05 00:16:02,747 - mmcls - INFO - Epoch(val) [99][18]	accuracy_top-1: 95.9790, accuracy_top-5: 100.0000
2023-02-05 00:16:10,938 - mmcls - INFO - Saving checkpoint at 100 epochs
2023-02-05 00:16:11,875 - mmcls - INFO - Epoch(val) [100][18]	accuracy_top-1: 96.3287, accuracy_top-5: 100.0000
